\BOOKMARK [1][-]{section*.1}{\376\377\000D\000e\000f\000i\000n\000i\000c\000i\000o\000n\000e\000s}{}% 1
\BOOKMARK [2][-]{section*.2}{\376\377\000U\000n\000i\000d\000a\000d\000e\000s}{section*.1}% 2
\BOOKMARK [2][-]{section*.3}{\376\377\000G\000e\000o\000m\000e\000t\000r\000\355\000a}{section*.1}% 3
\BOOKMARK [2][-]{section*.4}{\376\377\000T\000r\000i\000g\000o\000n\000o\000m\000e\000t\000r\000\355\000a}{section*.1}% 4
\BOOKMARK [1][-]{section*.5}{\376\377\000B\000\341\000s\000i\000c\000o}{}% 5
\BOOKMARK [2][-]{section*.6}{\376\377\000C\000o\000u\000l\000o\000m\000b}{section*.5}% 6
\BOOKMARK [2][-]{section*.7}{\376\377\000G\000a\000u\000s\000s}{section*.5}% 7
\BOOKMARK [2][-]{section*.8}{\376\377\000P\000o\000t\000e\000n\000c\000i\000a\000l}{section*.5}% 8
\BOOKMARK [1][-]{section*.9}{\376\377\000D\000i\000s\000t\000.\000\040\000c\000o\000n\000t\000\355\000n\000u\000a\000s}{}% 9
\BOOKMARK [2][-]{section*.10}{\376\377\000H\000i\000l\000o\000\040\000i\000n\000f\000i\000n\000i\000t\000o}{section*.9}% 10
\BOOKMARK [2][-]{section*.11}{\376\377\000A\000n\000i\000l\000l\000o}{section*.9}% 11
\BOOKMARK [2][-]{section*.12}{\376\377\000D\000i\000s\000c\000o}{section*.9}% 12
\BOOKMARK [2][-]{section*.13}{\376\377\000P\000l\000a\000n\000o}{section*.9}% 13
\BOOKMARK [2][-]{section*.14}{\376\377\000E\000s\000f\000e\000r\000a\000\040\000c\000o\000r\000t\000e\000z\000a}{section*.9}% 14
\BOOKMARK [2][-]{section*.15}{\376\377\000E\000s\000f\000e\000r\000a\000\040\000h\000o\000m\000o\000g\000\351\000n\000e\000a}{section*.9}% 15
\BOOKMARK [2][-]{section*.16}{\376\377\000C\000i\000l\000i\000n\000d\000r\000o}{section*.9}% 16
\BOOKMARK [1][-]{section*.17}{\376\377\000C\000o\000n\000d\000u\000c\000t\000o\000r\000e\000s}{}% 17
\BOOKMARK [2][-]{section*.18}{\376\377\000L\000\341\000m\000i\000n\000a}{section*.17}% 18
\BOOKMARK [2][-]{section*.19}{\376\377\000E\000s\000f\000.\000\040\000h\000u\000e\000c\000a}{section*.17}% 19
\BOOKMARK [1][-]{section*.20}{\376\377\000C\000o\000n\000d\000e\000n\000s\000a\000d\000o\000r\000e\000s}{}% 20
\BOOKMARK [2][-]{section*.21}{\376\377\000E\000n\000\040\000p\000a\000r\000a\000l\000e\000l\000o}{section*.20}% 21
\BOOKMARK [2][-]{section*.22}{\376\377\000E\000n\000\040\000s\000e\000r\000i\000e}{section*.20}% 22
